<?xml version="1.0" encoding="UTF-8"?>
<!-- Generated by org.testng.reporters.JUnitXMLReporter -->
<testsuite ignored="0" hostname="DESKTOP-OEE7BVT" failures="1" tests="1" name="Default test" time="5.854" errors="0" timestamp="2024-02-19T18:11:20 IST">
  <testcase classname="io.cucumber.testng.AbstractTestNGCucumberTests" name="runScenario" time="5.624">
    <failure type="java.lang.NullPointerException" message="Cannot invoke &amp;quot;org.openqa.selenium.WebDriver.findElement(org.openqa.selenium.By)&amp;quot; because &amp;quot;this.driver&amp;quot; is null">
      <![CDATA[java.lang.NullPointerException: Cannot invoke "org.openqa.selenium.WebDriver.findElement(org.openqa.selenium.By)" because "this.driver" is null
at pageObjects.AccountSuccessPage.confirmSuccessMessage(AccountSuccessPage.java:21)
at stepDefinations.AccountSuccessPageStepDefination.the_message_is_displayed(AccountSuccessPageStepDefination.java:24)
at ✽.the "Your Account Has Been Created!" message is displayed(file:///E:/Java%20Eclipse%20Workspace/OpencartCucumberBDD/src/test/java/features/accountRegister.feature:17)
]]>
    </failure>
  </testcase> <!-- runScenario -->
</testsuite> <!-- Default test -->
