<?xml version="1.0" encoding="UTF-8"?>
<testng-results ignored="0" total="1" passed="0" failed="1" skipped="0">
  <reporter-output>
  </reporter-output>
  <suite started-at="2024-02-19T18:11:14 IST" name="Default suite" finished-at="2024-02-19T18:11:20 IST" duration-ms="5854">
    <groups>
      <group name="cucumber">
        <method signature="AbstractTestNGCucumberTests.runScenario(io.cucumber.testng.PickleWrapper,io.cucumber.testng.FeatureWrapper)[pri:0, instance:cucumberOptions.TestNGTestRunner@6adbc9d]" name="runScenario" class="io.cucumber.testng.AbstractTestNGCucumberTests"/>
      </group> <!-- cucumber -->
    </groups>
    <test started-at="2024-02-19T18:11:14 IST" name="Default test" finished-at="2024-02-19T18:11:20 IST" duration-ms="5854">
      <class name="cucumberOptions.TestNGTestRunner">
        <test-method is-config="true" signature="setUpClass(org.testng.ITestContext)[pri:0, instance:cucumberOptions.TestNGTestRunner@6adbc9d]" started-at="2024-02-19T18:11:14 IST" name="setUpClass" finished-at="2024-02-19T18:11:14 IST" duration-ms="186" status="PASS">
          <params>
            <param index="0">
              <value>
                <![CDATA[org.testng.TestRunner@51288417]]>
              </value>
            </param>
          </params>
          <reporter-output>
          </reporter-output>
        </test-method> <!-- setUpClass -->
        <test-method signature="runScenario(io.cucumber.testng.PickleWrapper,io.cucumber.testng.FeatureWrapper)[pri:0, instance:cucumberOptions.TestNGTestRunner@6adbc9d]" started-at="2024-02-19T18:11:14 IST" name="runScenario" description="Runs Cucumber Scenarios" data-provider="scenarios" finished-at="2024-02-19T18:11:20 IST" duration-ms="5624" status="FAIL">
          <params>
            <param index="0">
              <value>
                <![CDATA["Successful Registration with Valid Details"]]>
              </value>
            </param>
            <param index="1">
              <value>
                <![CDATA["Optional[Register an Account on Opencart Portal]"]]>
              </value>
            </param>
          </params>
          <exception class="java.lang.NullPointerException">
            <message>
              <![CDATA[Cannot invoke "org.openqa.selenium.WebDriver.findElement(org.openqa.selenium.By)" because "this.driver" is null]]>
            </message>
            <full-stacktrace>
              <![CDATA[java.lang.NullPointerException: Cannot invoke "org.openqa.selenium.WebDriver.findElement(org.openqa.selenium.By)" because "this.driver" is null
at pageObjects.AccountSuccessPage.confirmSuccessMessage(AccountSuccessPage.java:21)
at stepDefinations.AccountSuccessPageStepDefination.the_message_is_displayed(AccountSuccessPageStepDefination.java:24)
at ✽.the "Your Account Has Been Created!" message is displayed(file:///E:/Java%20Eclipse%20Workspace/OpencartCucumberBDD/src/test/java/features/accountRegister.feature:17)
]]>
            </full-stacktrace>
          </exception> <!-- java.lang.NullPointerException -->
          <reporter-output>
          </reporter-output>
        </test-method> <!-- runScenario -->
        <test-method is-config="true" signature="tearDownClass()[pri:0, instance:cucumberOptions.TestNGTestRunner@6adbc9d]" started-at="2024-02-19T18:11:20 IST" name="tearDownClass" finished-at="2024-02-19T18:11:20 IST" duration-ms="8" status="PASS">
          <reporter-output>
          </reporter-output>
        </test-method> <!-- tearDownClass -->
      </class> <!-- cucumberOptions.TestNGTestRunner -->
    </test> <!-- Default test -->
  </suite> <!-- Default suite -->
</testng-results>
